mode: set
capstone/group3/features/users/data/model.go:21.39,33.2 1 1
capstone/group3/features/users/data/model.go:35.43,37.22 2 0
capstone/group3/features/users/data/model.go:40.2,40.15 1 0
capstone/group3/features/users/data/model.go:37.22,39.3 1 0
capstone/group3/features/users/data/model.go:43.37,51.2 1 1
capstone/group3/features/users/data/mysql.go:17.48,21.2 1 1
capstone/group3/features/users/data/mysql.go:23.84,26.22 3 1
capstone/group3/features/users/data/mysql.go:29.2,31.31 3 1
capstone/group3/features/users/data/mysql.go:34.2,34.36 1 1
capstone/group3/features/users/data/mysql.go:37.2,37.44 1 1
capstone/group3/features/users/data/mysql.go:26.22,28.3 1 0
capstone/group3/features/users/data/mysql.go:31.31,33.3 1 1
capstone/group3/features/users/data/mysql.go:34.36,36.3 1 0
capstone/group3/features/users/data/mysql.go:40.119,43.25 3 1
capstone/group3/features/users/data/mysql.go:47.2,47.30 1 1
capstone/group3/features/users/data/mysql.go:51.2,52.21 2 1
capstone/group3/features/users/data/mysql.go:56.2,57.21 2 1
capstone/group3/features/users/data/mysql.go:60.2,68.23 9 1
capstone/group3/features/users/data/mysql.go:43.25,45.3 1 1
capstone/group3/features/users/data/mysql.go:47.30,49.3 1 0
capstone/group3/features/users/data/mysql.go:52.21,54.3 1 0
capstone/group3/features/users/data/mysql.go:57.21,59.3 1 0
capstone/group3/features/users/data/mysql.go:71.114,73.25 2 1
capstone/group3/features/users/data/mysql.go:77.2,77.30 1 1
capstone/group3/features/users/data/mysql.go:81.2,81.38 1 1
capstone/group3/features/users/data/mysql.go:73.25,75.3 1 0
capstone/group3/features/users/data/mysql.go:77.30,79.3 1 1
capstone/group3/features/users/data/mysql.go:84.95,87.25 3 1
capstone/group3/features/users/data/mysql.go:90.2,90.31 1 1
capstone/group3/features/users/data/mysql.go:87.25,89.3 1 0
capstone/group3/features/users/data/mysql.go:93.89,95.25 2 1
capstone/group3/features/users/data/mysql.go:98.2,98.30 1 1
capstone/group3/features/users/data/mysql.go:101.2,101.38 1 1
capstone/group3/features/users/data/mysql.go:95.25,97.3 1 0
capstone/group3/features/users/data/mysql.go:98.30,100.3 1 1
