mode: set
capstone/group3/features/users/data/model.go:21.39,33.2 1 1
capstone/group3/features/users/data/model.go:35.37,43.2 1 1
capstone/group3/features/users/data/mysql.go:17.48,21.2 1 1
capstone/group3/features/users/data/mysql.go:23.84,26.22 3 1
capstone/group3/features/users/data/mysql.go:29.2,31.31 3 1
capstone/group3/features/users/data/mysql.go:35.2,35.44 1 1
capstone/group3/features/users/data/mysql.go:26.22,28.3 1 0
capstone/group3/features/users/data/mysql.go:31.31,33.3 1 1
capstone/group3/features/users/data/mysql.go:38.119,41.25 3 1
capstone/group3/features/users/data/mysql.go:45.2,46.21 2 1
capstone/group3/features/users/data/mysql.go:50.2,60.23 10 1
capstone/group3/features/users/data/mysql.go:41.25,43.3 1 1
capstone/group3/features/users/data/mysql.go:46.21,48.3 1 0
capstone/group3/features/users/data/mysql.go:63.114,65.25 2 1
capstone/group3/features/users/data/mysql.go:69.2,69.30 1 1
capstone/group3/features/users/data/mysql.go:73.2,73.38 1 1
capstone/group3/features/users/data/mysql.go:65.25,67.3 1 1
capstone/group3/features/users/data/mysql.go:69.30,71.3 1 1
capstone/group3/features/users/data/mysql.go:76.95,79.25 3 1
capstone/group3/features/users/data/mysql.go:82.2,82.31 1 1
capstone/group3/features/users/data/mysql.go:79.25,81.3 1 1
capstone/group3/features/users/data/mysql.go:85.89,87.25 2 1
capstone/group3/features/users/data/mysql.go:90.2,90.30 1 1
capstone/group3/features/users/data/mysql.go:93.2,93.38 1 1
capstone/group3/features/users/data/mysql.go:87.25,89.3 1 1
capstone/group3/features/users/data/mysql.go:90.30,92.3 1 1
