mode: set
capstone/group3/features/comments/business/usecase.go:12.70,16.2 1 1
capstone/group3/features/comments/business/usecase.go:18.83,20.25 1 1
capstone/group3/features/comments/business/usecase.go:27.2,28.17 2 1
capstone/group3/features/comments/business/usecase.go:20.25,22.3 1 1
capstone/group3/features/comments/business/usecase.go:22.8,22.29 1 1
capstone/group3/features/comments/business/usecase.go:22.29,24.3 1 1
capstone/group3/features/comments/business/usecase.go:24.8,24.29 1 1
capstone/group3/features/comments/business/usecase.go:24.29,26.3 1 1
capstone/group3/features/comments/business/usecase.go:31.115,34.2 2 1
capstone/group3/features/comments/business/usecase.go:36.87,39.2 2 1
