mode: set
capstone/group3/features/comments/business/usecase.go:12.70,16.2 1 1
capstone/group3/features/comments/business/usecase.go:18.83,20.25 1 1
capstone/group3/features/comments/business/usecase.go:27.2,28.17 2 1
capstone/group3/features/comments/business/usecase.go:20.25,22.3 1 1
capstone/group3/features/comments/business/usecase.go:22.8,22.29 1 1
capstone/group3/features/comments/business/usecase.go:22.29,24.3 1 1
capstone/group3/features/comments/business/usecase.go:24.8,24.29 1 1
capstone/group3/features/comments/business/usecase.go:24.29,26.3 1 1
capstone/group3/features/comments/business/usecase.go:31.115,34.2 2 1
capstone/group3/features/comments/business/usecase.go:36.87,39.2 2 1
capstone/group3/features/favourites/business/usecase.go:11.72,15.2 1 1
capstone/group3/features/favourites/business/usecase.go:17.83,20.2 2 1
capstone/group3/features/favourites/business/usecase.go:22.92,25.2 2 1
capstone/group3/features/favourites/business/usecase.go:27.121,30.16 2 1
capstone/group3/features/favourites/business/usecase.go:44.2,44.22 1 1
capstone/group3/features/favourites/business/usecase.go:30.16,31.38 1 1
capstone/group3/features/favourites/business/usecase.go:31.38,41.4 4 1
capstone/group3/features/users/business/usecase.go:15.58,19.2 1 1
capstone/group3/features/users/business/usecase.go:21.74,22.92 1 1
capstone/group3/features/users/business/usecase.go:25.2,26.17 2 1
capstone/group3/features/users/business/usecase.go:22.92,24.3 1 1
capstone/group3/features/users/business/usecase.go:29.107,32.2 2 1
capstone/group3/features/users/business/usecase.go:34.91,36.22 2 1
capstone/group3/features/users/business/usecase.go:39.2,39.23 1 1
capstone/group3/features/users/business/usecase.go:42.2,42.26 1 1
capstone/group3/features/users/business/usecase.go:49.2,49.27 1 1
capstone/group3/features/users/business/usecase.go:52.2,53.17 2 1
capstone/group3/features/users/business/usecase.go:36.22,38.3 1 1
capstone/group3/features/users/business/usecase.go:39.23,41.3 1 1
capstone/group3/features/users/business/usecase.go:42.26,44.23 2 1
capstone/group3/features/users/business/usecase.go:47.3,47.47 1 1
capstone/group3/features/users/business/usecase.go:44.23,46.4 1 0
capstone/group3/features/users/business/usecase.go:49.27,51.3 1 1
capstone/group3/features/users/business/usecase.go:56.82,59.2 2 1
capstone/group3/features/users/business/usecase.go:61.77,64.2 2 1
capstone/group3/features/users/data/model.go:21.39,33.2 1 0
capstone/group3/features/users/data/model.go:35.37,43.2 1 1
capstone/group3/features/users/data/mysql.go:17.48,21.2 1 1
capstone/group3/features/users/data/mysql.go:23.84,26.22 3 1
capstone/group3/features/users/data/mysql.go:29.2,31.31 3 1
capstone/group3/features/users/data/mysql.go:35.2,35.44 1 1
capstone/group3/features/users/data/mysql.go:26.22,28.3 1 0
capstone/group3/features/users/data/mysql.go:31.31,33.3 1 1
capstone/group3/features/users/data/mysql.go:38.119,41.25 3 1
capstone/group3/features/users/data/mysql.go:45.2,46.21 2 0
capstone/group3/features/users/data/mysql.go:50.2,60.23 10 0
capstone/group3/features/users/data/mysql.go:41.25,43.3 1 1
capstone/group3/features/users/data/mysql.go:46.21,48.3 1 0
capstone/group3/features/users/data/mysql.go:63.114,65.25 2 1
capstone/group3/features/users/data/mysql.go:69.2,69.30 1 1
capstone/group3/features/users/data/mysql.go:73.2,73.38 1 1
capstone/group3/features/users/data/mysql.go:65.25,67.3 1 1
capstone/group3/features/users/data/mysql.go:69.30,71.3 1 0
capstone/group3/features/users/data/mysql.go:76.95,79.25 3 1
capstone/group3/features/users/data/mysql.go:82.2,82.31 1 0
capstone/group3/features/users/data/mysql.go:79.25,81.3 1 1
capstone/group3/features/users/data/mysql.go:85.89,87.25 2 1
capstone/group3/features/users/data/mysql.go:90.2,90.30 1 1
capstone/group3/features/users/data/mysql.go:93.2,93.38 1 1
capstone/group3/features/users/data/mysql.go:87.25,89.3 1 1
capstone/group3/features/users/data/mysql.go:90.30,92.3 1 1
capstone/group3/features/favourites/data/model.go:56.55,64.2 1 1
capstone/group3/features/favourites/data/model.go:66.58,68.24 2 1
capstone/group3/features/favourites/data/model.go:71.2,71.15 1 1
capstone/group3/features/favourites/data/model.go:68.24,70.3 1 1
capstone/group3/features/favourites/data/mysql.go:13.58,17.2 1 1
capstone/group3/features/favourites/data/mysql.go:19.95,25.30 6 1
capstone/group3/features/favourites/data/mysql.go:34.2,34.15 1 1
capstone/group3/features/favourites/data/mysql.go:25.30,27.3 1 1
capstone/group3/features/favourites/data/mysql.go:27.8,29.29 2 1
capstone/group3/features/favourites/data/mysql.go:29.29,31.4 1 1
capstone/group3/features/favourites/data/mysql.go:37.93,42.25 3 1
capstone/group3/features/favourites/data/mysql.go:46.2,46.32 1 0
capstone/group3/features/favourites/data/mysql.go:42.25,44.3 1 1
capstone/group3/features/favourites/data/mysql.go:50.96,55.25 3 1
capstone/group3/features/favourites/data/mysql.go:59.2,59.32 1 1
capstone/group3/features/favourites/data/mysql.go:55.25,57.3 1 1
capstone/group3/features/favourites/data/mysql.go:63.98,68.28 5 1
capstone/group3/features/favourites/data/mysql.go:71.2,71.41 1 1
capstone/group3/features/favourites/data/mysql.go:68.28,70.3 1 0
capstone/group3/features/favourites/data/mysql.go:74.135,79.25 3 1
capstone/group3/features/favourites/data/mysql.go:83.2,83.33 1 1
capstone/group3/features/favourites/data/mysql.go:79.25,81.3 1 1
