mode: set
capstone/group3/features/comments/business/usecase.go:12.70,16.2 1 1
capstone/group3/features/comments/business/usecase.go:18.83,20.25 1 1
capstone/group3/features/comments/business/usecase.go:27.2,28.17 2 1
capstone/group3/features/comments/business/usecase.go:20.25,22.3 1 1
capstone/group3/features/comments/business/usecase.go:22.8,22.29 1 1
capstone/group3/features/comments/business/usecase.go:22.29,24.3 1 1
capstone/group3/features/comments/business/usecase.go:24.8,24.29 1 1
capstone/group3/features/comments/business/usecase.go:24.29,26.3 1 1
capstone/group3/features/comments/business/usecase.go:31.115,34.2 2 1
capstone/group3/features/comments/business/usecase.go:36.87,39.2 2 1
capstone/group3/features/users/business/usecase.go:15.58,19.2 1 1
capstone/group3/features/users/business/usecase.go:21.74,22.92 1 1
capstone/group3/features/users/business/usecase.go:25.2,26.17 2 1
capstone/group3/features/users/business/usecase.go:22.92,24.3 1 1
capstone/group3/features/users/business/usecase.go:29.107,32.2 2 1
capstone/group3/features/users/business/usecase.go:34.91,36.22 2 1
capstone/group3/features/users/business/usecase.go:39.2,39.23 1 1
capstone/group3/features/users/business/usecase.go:42.2,42.26 1 1
capstone/group3/features/users/business/usecase.go:49.2,49.27 1 1
capstone/group3/features/users/business/usecase.go:52.2,53.17 2 1
capstone/group3/features/users/business/usecase.go:36.22,38.3 1 1
capstone/group3/features/users/business/usecase.go:39.23,41.3 1 1
capstone/group3/features/users/business/usecase.go:42.26,44.23 2 1
capstone/group3/features/users/business/usecase.go:47.3,47.47 1 1
capstone/group3/features/users/business/usecase.go:44.23,46.4 1 0
capstone/group3/features/users/business/usecase.go:49.27,51.3 1 1
capstone/group3/features/users/business/usecase.go:56.82,59.2 2 1
capstone/group3/features/users/business/usecase.go:61.77,64.2 2 1
