mode: set
capstone/group3/features/favourites/business/usecase.go:11.72,15.2 1 1
capstone/group3/features/favourites/business/usecase.go:17.83,20.2 2 1
capstone/group3/features/favourites/business/usecase.go:22.92,25.2 2 1
capstone/group3/features/favourites/business/usecase.go:27.121,30.16 2 1
capstone/group3/features/favourites/business/usecase.go:44.2,44.22 1 1
capstone/group3/features/favourites/business/usecase.go:30.16,31.38 1 1
capstone/group3/features/favourites/business/usecase.go:31.38,41.4 4 1
