mode: set
capstone/group3/features/comments/data/model.go:36.54,52.2 1 1
capstone/group3/features/comments/data/model.go:54.58,56.22 2 1
capstone/group3/features/comments/data/model.go:59.2,59.15 1 1
capstone/group3/features/comments/data/model.go:56.22,58.3 1 1
capstone/group3/features/comments/data/model.go:62.52,77.2 1 1
capstone/group3/features/comments/data/mysql.go:14.54,18.2 1 1
capstone/group3/features/comments/data/mysql.go:20.93,23.31 3 1
capstone/group3/features/comments/data/mysql.go:26.2,26.36 1 1
capstone/group3/features/comments/data/mysql.go:29.2,29.44 1 1
capstone/group3/features/comments/data/mysql.go:23.31,25.3 1 1
capstone/group3/features/comments/data/mysql.go:26.36,28.3 1 0
capstone/group3/features/comments/data/mysql.go:32.128,35.25 3 1
capstone/group3/features/comments/data/mysql.go:38.2,38.37 1 1
capstone/group3/features/comments/data/mysql.go:35.25,37.3 1 0
capstone/group3/features/comments/data/mysql.go:41.100,44.25 3 1
capstone/group3/features/comments/data/mysql.go:47.2,47.32 1 1
capstone/group3/features/comments/data/mysql.go:44.25,46.3 1 0
