mode: set
capstone/group3/features/comments/data/model.go:36.54,52.2 1 1
capstone/group3/features/comments/data/model.go:54.58,56.22 2 1
capstone/group3/features/comments/data/model.go:59.2,59.15 1 1
capstone/group3/features/comments/data/model.go:56.22,58.3 1 1
capstone/group3/features/comments/data/model.go:62.52,77.2 1 1
capstone/group3/features/comments/data/mysql.go:13.54,17.2 1 1
capstone/group3/features/comments/data/mysql.go:19.93,22.31 3 1
capstone/group3/features/comments/data/mysql.go:25.2,25.44 1 1
capstone/group3/features/comments/data/mysql.go:22.31,24.3 1 1
capstone/group3/features/comments/data/mysql.go:28.128,31.25 3 1
capstone/group3/features/comments/data/mysql.go:34.2,34.37 1 1
capstone/group3/features/comments/data/mysql.go:31.25,33.3 1 1
capstone/group3/features/comments/data/mysql.go:37.100,40.25 3 1
capstone/group3/features/comments/data/mysql.go:43.2,43.32 1 1
capstone/group3/features/comments/data/mysql.go:40.25,42.3 1 1
